0 info it worked if it ends with ok
1 verbose cli [ 'C:\\Program Files\\nodejs\\node.exe',
1 verbose cli   'C:\\Program Files\\nodejs\\node_modules\\npm\\bin\\npm-cli.js',
1 verbose cli   'run',
1 verbose cli   'dev' ]
2 info using npm@3.10.9
3 info using node@v6.9.2
4 verbose run-script [ 'predev', 'dev', 'postdev' ]
5 info lifecycle cs-nuxtjs-website@~predev: cs-nuxtjs-website@
6 silly lifecycle cs-nuxtjs-website@~predev: no script for predev, continuing
7 info lifecycle cs-nuxtjs-website@~dev: cs-nuxtjs-website@
8 verbose lifecycle cs-nuxtjs-website@~dev: unsafe-perm in lifecycle true
9 verbose lifecycle cs-nuxtjs-website@~dev: PATH: C:\Program Files\nodejs\node_modules\npm\bin\node-gyp-bin;E:\Nuxt\Theme\github\raw\contentstack-nuxtjs-vue-universal-demo\node_modules\.bin;C:\ProgramData\Oracle\Java\javapath;C:\Windows\system32;C:\Windows;C:\Windows\System32\Wbem;C:\Windows\System32\WindowsPowerShell\v1.0\;C:\Program Files\nodejs\;C:\Program Files\Java\jdk1.7.0_79\bin;C:\Program Files\Git\cmd;C:\Program Files (x86)\Skype\Phone\;C:\Ruby22-x64\bin;C:\Users\Suraj Dalvi\AppData\Roaming\npm;C:\Program Files\Heroku\bin
10 verbose lifecycle cs-nuxtjs-website@~dev: CWD: E:\Nuxt\Theme\github\raw\contentstack-nuxtjs-vue-universal-demo
11 silly lifecycle cs-nuxtjs-website@~dev: Args: [ '/d /s /c', 'nuxt' ]
12 silly lifecycle cs-nuxtjs-website@~dev: Returned: code: 3221225786  signal: null
13 info lifecycle cs-nuxtjs-website@~dev: Failed to exec dev script
14 verbose stack Error: cs-nuxtjs-website@ dev: `nuxt`
14 verbose stack Exit status 3221225786
14 verbose stack     at EventEmitter.<anonymous> (C:\Program Files\nodejs\node_modules\npm\lib\utils\lifecycle.js:255:16)
14 verbose stack     at emitTwo (events.js:106:13)
14 verbose stack     at EventEmitter.emit (events.js:191:7)
14 verbose stack     at ChildProcess.<anonymous> (C:\Program Files\nodejs\node_modules\npm\lib\utils\spawn.js:40:14)
14 verbose stack     at emitTwo (events.js:106:13)
14 verbose stack     at ChildProcess.emit (events.js:191:7)
14 verbose stack     at maybeClose (internal/child_process.js:877:16)
14 verbose stack     at Process.ChildProcess._handle.onexit (internal/child_process.js:226:5)
15 verbose pkgid cs-nuxtjs-website@
16 verbose cwd E:\Nuxt\Theme\github\raw\contentstack-nuxtjs-vue-universal-demo
17 error Windows_NT 6.3.9600
18 error argv "C:\\Program Files\\nodejs\\node.exe" "C:\\Program Files\\nodejs\\node_modules\\npm\\bin\\npm-cli.js" "run" "dev"
19 error node v6.9.2
20 error npm  v3.10.9
21 error code ELIFECYCLE
22 error cs-nuxtjs-website@ dev: `nuxt`
22 error Exit status 3221225786
23 error Failed at the cs-nuxtjs-website@ dev script 'nuxt'.
23 error Make sure you have the latest version of node.js and npm installed.
23 error If you do, this is most likely a problem with the cs-nuxtjs-website package,
23 error not with npm itself.
23 error Tell the author that this fails on your system:
23 error     nuxt
23 error You can get information on how to open an issue for this project with:
23 error     npm bugs cs-nuxtjs-website
23 error Or if that isn't available, you can get their info via:
23 error     npm owner ls cs-nuxtjs-website
23 error There is likely additional logging output above.
24 verbose exit [ 1, true ]
